<?xml version="1.0" encoding="UTF-8"?>
<!-- Generated by org.testng.reporters.JUnitXMLReporter -->
<testsuite ignored="0" hostname="Anurag" failures="0" tests="1" name="Test4" time="6.091" errors="0" timestamp="2025-03-07T12:01:15 IST">
  <testcase classname="generic_utility.BaseClass" name="@BeforeClass selectBrowser" time="-1.741329069659E9">
    <failure type="org.testng.TestNGException" message="
Parameter &amp;apos;Browser&amp;apos; is required by BeforeClass on method selectBrowser but has not been marked @Optional or defined
in C:\Users\asjad\git\Selenium_project\vitger_crm-framework\parallel.xml">
      <![CDATA[org.testng.TestNGException: 
Parameter 'Browser' is required by BeforeClass on method selectBrowser but has not been marked @Optional or defined
in C:\Users\asjad\git\Selenium_project\vitger_crm-framework\parallel.xml
at java.base/java.util.ArrayList.forEach(ArrayList.java:1511)
at java.base/java.util.concurrent.FutureTask.run(FutureTask.java:264)
at java.base/java.util.concurrent.ThreadPoolExecutor.runWorker(ThreadPoolExecutor.java:1136)
at java.base/java.util.concurrent.ThreadPoolExecutor$Worker.run(ThreadPoolExecutor.java:635)
at java.base/java.lang.Thread.run(Thread.java:842)
... Removed 12 stack frames]]>
    </failure>
  </testcase> <!-- @BeforeClass selectBrowser -->
  <testcase classname="generic_utility.BaseClass" name="@BeforeMethod login" time="0.0">
    <skipped/>
  </testcase> <!-- @BeforeMethod login -->
  <testcase classname="generic_utility.BaseClass" name="@AfterMethod logout" time="0.0">
    <skipped/>
  </testcase> <!-- @AfterMethod logout -->
  <testcase classname="generic_utility.BaseClass" name="@AfterClass closeBrowser" time="0.0">
    <skipped/>
  </testcase> <!-- @AfterClass closeBrowser -->
  <testcase classname="organizations.Organization_IndustryTest" name="organization_IndustryTest" time="0.0">
    <skipped/>
  </testcase> <!-- organization_IndustryTest -->
</testsuite> <!-- Test4 -->
